# JRE version: Java(TM) SE Runtime Environment (8.0_202-b08) (build 1.8.0_202-b08)
# Java VM: Java HotSpot(TM) 64-Bit Server VM (25.202-b08 mixed mode windows-amd64 compressed oops)
Heap:
 PSYoungGen      total 46080K, used 20018K [0x00000000d6380000, 0x00000000dc380000, 0x0000000100000000)
  eden space 40960K, 36% used [0x00000000d6380000,0x00000000d7211f08,0x00000000d8b80000)
  from space 5120K, 99% used [0x00000000da880000,0x00000000dad7aa98,0x00000000dad80000)
  to   space 28672K, 0% used [0x00000000d8b80000,0x00000000d8b80000,0x00000000da780000)
 ParOldGen       total 146432K, used 75050K [0x0000000082a00000, 0x000000008b900000, 0x00000000d6380000)
  object space 146432K, 51% used [0x0000000082a00000,0x000000008734ab88,0x000000008b900000)
 Metaspace       used 13384K, capacity 13596K, committed 13952K, reserved 1060864K
  class space    used 1503K, capacity 1582K, committed 1664K, reserved 1048576K
GC Heap History (10 events):
Event: 3.963 GC heap before
{Heap before GC invocations=4 (full 1):
 PSYoungGen      total 37888K, used 31919K [0x00000000d6380000, 0x00000000d8d80000, 0x0000000100000000)
  eden space 32768K, 97% used [0x00000000d6380000,0x00000000d82abd70,0x00000000d8380000)
  from space 5120K, 0% used [0x00000000d8880000,0x00000000d8880000,0x00000000d8d80000)
  to   space 5120K, 0% used [0x00000000d8380000,0x00000000d8380000,0x00000000d8880000)
 ParOldGen       total 86016K, used 10222K [0x0000000082a00000, 0x0000000087e00000, 0x00000000d6380000)
  object space 86016K, 11% used [0x0000000082a00000,0x00000000833fb8e0,0x0000000087e00000)
 Metaspace       used 11347K, capacity 11562K, committed 11776K, reserved 1058816K
  class space    used 1366K, capacity 1417K, committed 1536K, reserved 1048576K
Event: 3.970 GC heap after
Heap after GC invocations=4 (full 1):
 PSYoungGen      total 37888K, used 5115K [0x00000000d6380000, 0x00000000d8d80000, 0x0000000100000000)
  eden space 32768K, 0% used [0x00000000d6380000,0x00000000d6380000,0x00000000d8380000)
  from space 5120K, 99% used [0x00000000d8380000,0x00000000d887edd0,0x00000000d8880000)
  to   space 5120K, 0% used [0x00000000d8880000,0x00000000d8880000,0x00000000d8d80000)
 ParOldGen       total 86016K, used 24134K [0x0000000082a00000, 0x0000000087e00000, 0x00000000d6380000)
  object space 86016K, 28% used [0x0000000082a00000,0x0000000084191bf0,0x0000000087e00000)
 Metaspace       used 11347K, capacity 11562K, committed 11776K, reserved 1058816K
  class space    used 1366K, capacity 1417K, committed 1536K, reserved 1048576K
}
Event: 4.496 GC heap before
{Heap before GC invocations=5 (full 1):
 PSYoungGen      total 37888K, used 37883K [0x00000000d6380000, 0x00000000d8d80000, 0x0000000100000000)
  eden space 32768K, 100% used [0x00000000d6380000,0x00000000d8380000,0x00000000d8380000)
  from space 5120K, 99% used [0x00000000d8380000,0x00000000d887edd0,0x00000000d8880000)
  to   space 5120K, 0% used [0x00000000d8880000,0x00000000d8880000,0x00000000d8d80000)
 ParOldGen       total 86016K, used 24134K [0x0000000082a00000, 0x0000000087e00000, 0x00000000d6380000)
  object space 86016K, 28% used [0x0000000082a00000,0x0000000084191bf0,0x0000000087e00000)
 Metaspace       used 11885K, capacity 12112K, committed 12288K, reserved 1060864K
  class space    used 1421K, capacity 1515K, committed 1536K, reserved 1048576K
Event: 4.509 GC heap after
Heap after GC invocations=5 (full 1):
 PSYoungGen      total 37888K, used 5113K [0x00000000d6380000, 0x00000000dad80000, 0x0000000100000000)
  eden space 32768K, 0% used [0x00000000d6380000,0x00000000d6380000,0x00000000d8380000)
  from space 5120K, 99% used [0x00000000d8880000,0x00000000d8d7e4b8,0x00000000d8d80000)
  to   space 5120K, 0% used [0x00000000d8380000,0x00000000d8380000,0x00000000d8880000)
 ParOldGen       total 86016K, used 48097K [0x0000000082a00000, 0x0000000087e00000, 0x00000000d6380000)
  object space 86016K, 55% used [0x0000000082a00000,0x00000000858f8468,0x0000000087e00000)
 Metaspace       used 11885K, capacity 12112K, committed 12288K, reserved 1060864K
  class space    used 1421K, capacity 1515K, committed 1536K, reserved 1048576K
}
Event: 5.250 GC heap before
{Heap before GC invocations=6 (full 1):
 PSYoungGen      total 37888K, used 37881K [0x00000000d6380000, 0x00000000dad80000, 0x0000000100000000)
  eden space 32768K, 100% used [0x00000000d6380000,0x00000000d8380000,0x00000000d8380000)
  from space 5120K, 99% used [0x00000000d8880000,0x00000000d8d7e4b8,0x00000000d8d80000)
  to   space 5120K, 0% used [0x00000000d8380000,0x00000000d8380000,0x00000000d8880000)
 ParOldGen       total 86016K, used 48097K [0x0000000082a00000, 0x0000000087e00000, 0x00000000d6380000)
  object space 86016K, 55% used [0x0000000082a00000,0x00000000858f8468,0x0000000087e00000)
 Metaspace       used 12020K, capacity 12240K, committed 12544K, reserved 1060864K
  class space    used 1421K, capacity 1515K, committed 1536K, reserved 1048576K
Event: 5.258 GC heap after
Heap after GC invocations=6 (full 1):
 PSYoungGen      total 37888K, used 5118K [0x00000000d6380000, 0x00000000dad80000, 0x0000000100000000)
  eden space 32768K, 0% used [0x00000000d6380000,0x00000000d6380000,0x00000000d8380000)
  from space 5120K, 99% used [0x00000000d8380000,0x00000000d887f818,0x00000000d8880000)
  to   space 5120K, 0% used [0x00000000da880000,0x00000000da880000,0x00000000dad80000)
 ParOldGen       total 86016K, used 62622K [0x0000000082a00000, 0x0000000087e00000, 0x00000000d6380000)
  object space 86016K, 72% used [0x0000000082a00000,0x0000000086727838,0x0000000087e00000)
 Metaspace       used 12020K, capacity 12240K, committed 12544K, reserved 1060864K
  class space    used 1421K, capacity 1515K, committed 1536K, reserved 1048576K
}
Event: 5.258 GC heap before
{Heap before GC invocations=7 (full 2):
 PSYoungGen      total 37888K, used 5118K [0x00000000d6380000, 0x00000000dad80000, 0x0000000100000000)
  eden space 32768K, 0% used [0x00000000d6380000,0x00000000d6380000,0x00000000d8380000)
  from space 5120K, 99% used [0x00000000d8380000,0x00000000d887f818,0x00000000d8880000)
  to   space 5120K, 0% used [0x00000000da880000,0x00000000da880000,0x00000000dad80000)
 ParOldGen       total 86016K, used 62622K [0x0000000082a00000, 0x0000000087e00000, 0x00000000d6380000)
  object space 86016K, 72% used [0x0000000082a00000,0x0000000086727838,0x0000000087e00000)
 Metaspace       used 12020K, capacity 12240K, committed 12544K, reserved 1060864K
  class space    used 1421K, capacity 1515K, committed 1536K, reserved 1048576K
Event: 5.331 GC heap after
Heap after GC invocations=7 (full 2):
 PSYoungGen      total 37888K, used 0K [0x00000000d6380000, 0x00000000dad80000, 0x0000000100000000)
  eden space 32768K, 0% used [0x00000000d6380000,0x00000000d6380000,0x00000000d8380000)
  from space 5120K, 0% used [0x00000000d8380000,0x00000000d8380000,0x00000000d8880000)
  to   space 5120K, 0% used [0x00000000da880000,0x00000000da880000,0x00000000dad80000)
 ParOldGen       total 146432K, used 63677K [0x0000000082a00000, 0x000000008b900000, 0x00000000d6380000)
  object space 146432K, 43% used [0x0000000082a00000,0x000000008682f550,0x000000008b900000)
 Metaspace       used 12020K, capacity 12240K, committed 12544K, reserved 1060864K
  class space    used 1421K, capacity 1515K, committed 1536K, reserved 1048576K
}
Event: 6.195 GC heap before
{Heap before GC invocations=8 (full 2):
 PSYoungGen      total 37888K, used 32768K [0x00000000d6380000, 0x00000000dad80000, 0x0000000100000000)
  eden space 32768K, 100% used [0x00000000d6380000,0x00000000d8380000,0x00000000d8380000)
  from space 5120K, 0% used [0x00000000d8380000,0x00000000d8380000,0x00000000d8880000)
  to   space 5120K, 0% used [0x00000000da880000,0x00000000da880000,0x00000000dad80000)
 ParOldGen       total 146432K, used 63677K [0x0000000082a00000, 0x000000008b900000, 0x00000000d6380000)
  object space 146432K, 43% used [0x0000000082a00000,0x000000008682f550,0x000000008b900000)
 Metaspace       used 12185K, capacity 12432K, committed 12544K, reserved 1060864K
  class space    used 1432K, capacity 1515K, committed 1536K, reserved 1048576K
Event: 6.202 GC heap after
Heap after GC invocations=8 (full 2):
 PSYoungGen      total 46080K, used 5098K [0x00000000d6380000, 0x00000000dc380000, 0x0000000100000000)
  eden space 40960K, 0% used [0x00000000d6380000,0x00000000d6380000,0x00000000d8b80000)
  from space 5120K, 99% used [0x00000000da880000,0x00000000dad7aa98,0x00000000dad80000)
  to   space 28672K, 0% used [0x00000000d8b80000,0x00000000d8b80000,0x00000000da780000)
 ParOldGen       total 146432K, used 75050K [0x0000000082a00000, 0x000000008b900000, 0x00000000d6380000)
  object space 146432K, 51% used [0x0000000082a00000,0x000000008734ab88,0x000000008b900000)
 Metaspace       used 12185K, capacity 12432K, committed 12544K, reserved 1060864K
  class space    used 1432K, capacity 1515K, committed 1536K, reserved 1048576K
}

